SPARQL Input Query:
###################
PREFIX  gn:   <http://www.geonames.org/ontology#>
PREFIX  dc:   <http://purl.org/dc/terms/>
PREFIX  rev:  <http://purl.org/stuff/rev#>
PREFIX  mo:   <http://purl.org/ontology/mo/>
PREFIX  wsdbm: <http://db.uwaterloo.ca/~galuc/wsdbm/>
PREFIX  foaf: <http://xmlns.com/foaf/>
PREFIX  rdf:  <http://www.w3.org/1999/02/22-rdf-syntax-ns#>
PREFIX  gr:   <http://purl.org/goodrelations/>
PREFIX  sorg: <http://schema.org/>
PREFIX  og:   <http://ogp.me/ns#>

SELECT  ?v0 ?v1 ?v2 ?v3 ?v4 ?v5 ?v6 ?v7 ?v8 ?v9 ?v10
WHERE
  { ?v0 gr:offers ?v1 .
    ?v1 gr:includes ?v2 .
    ?v2 rev:hasReview ?v3 .
    ?v3 rev:reviewer ?v4 .
    ?v4 wsdbm:friendOf ?v5 .
    ?v5 wsdbm:likes ?v6 .
    ?v6 sorg:author ?v7 .
    ?v7 wsdbm:follows ?v8 .
    ?v8 foaf:homepage ?v9 .
    ?v9 sorg:language ?v10
  }


Algebra Tree of Query:
######################
(prefix ((gn: <http://www.geonames.org/ontology#>)
         (dc: <http://purl.org/dc/terms/>)
         (rev: <http://purl.org/stuff/rev#>)
         (mo: <http://purl.org/ontology/mo/>)
         (wsdbm: <http://db.uwaterloo.ca/~galuc/wsdbm/>)
         (foaf: <http://xmlns.com/foaf/>)
         (rdf: <http://www.w3.org/1999/02/22-rdf-syntax-ns#>)
         (gr: <http://purl.org/goodrelations/>)
         (sorg: <http://schema.org/>)
         (og: <http://ogp.me/ns#>))
  (project (?v0 ?v1 ?v2 ?v3 ?v4 ?v5 ?v6 ?v7 ?v8 ?v9 ?v10)
    (bgp
      (triple ?v0 gr:offers ?v1)
      (triple ?v1 gr:includes ?v2)
      (triple ?v2 rev:hasReview ?v3)
      (triple ?v3 rev:reviewer ?v4)
      (triple ?v4 wsdbm:friendOf ?v5)
      (triple ?v5 wsdbm:likes ?v6)
      (triple ?v6 sorg:author ?v7)
      (triple ?v7 wsdbm:follows ?v8)
      (triple ?v8 foaf:homepage ?v9)
      (triple ?v9 sorg:language ?v10)
    )))


SqlOp Tree:
###########
PROJECTION (
  tab
)
